<?xml version="1.0" encoding="UTF-8"?>
<!-- Generated by org.testng.reporters.JUnitReportReporter -->
<testsuite hostname="MI-202001101034" name="appnium.Demo" tests="1" failures="0" timestamp="19 Mar 2020 03:16:25 GMT" time="23.023" errors="0">
  <testcase name="test1" time="23.023" classname="appnium.Demo"/>
</testsuite> <!-- appnium.Demo -->
