<?xml version="1.0" encoding="UTF-8"?>
<!-- Generated by org.testng.reporters.JUnitReportReporter -->
<testsuite hostname="LAPTOP-ELPBVJLJ" failures="0" tests="1" name="edu.testcase.NoteTest" time="9.726" errors="0" timestamp="2020-03-25T17:42:10 GMT+08:00" skipped="0">
  <testcase classname="edu.testcase.NoteTest" name="edit" time="9.726"/>
</testsuite> <!-- edu.testcase.NoteTest -->
