<?xml version="1.0" encoding="UTF-8"?>
<!-- Generated by org.testng.reporters.JUnitReportReporter -->
<testsuite hostname="LAPTOP-ELPBVJLJ" failures="0" tests="1" name="appiumDemo.Demo" time="19.393" errors="0" timestamp="2020-04-23T19:06:05 GMT+08:00" skipped="0">
  <testcase classname="appiumDemo.Demo" name="test1" time="19.393"/>
</testsuite> <!-- appiumDemo.Demo -->
