<?xml version="1.0" encoding="UTF-8"?>
<!-- Generated by org.testng.reporters.JUnitReportReporter -->
<testsuite skipped="0" hostname="DESKTOP-5IG2H4A" name="edu.testcase.HomePageTest" tests="1" failures="0" timestamp="25 三月 2020 23:22:56 GMT" time="4.508" errors="0">
  <testcase name="testDeleteItem" time="4.508" classname="edu.testcase.HomePageTest"/>
</testsuite> <!-- edu.testcase.HomePageTest -->
