<?xml version="1.0" encoding="UTF-8"?>
<!-- Generated by org.testng.reporters.JUnitReportReporter -->
<testsuite skipped="0" hostname="DESKTOP-5IG2H4A" name="edu.testcase.LoginTest" tests="1" failures="0" timestamp="03 五月 2020 10:24:25 GMT" time="2.589" errors="0">
  <testcase name="loginsuccess" time="2.589" classname="edu.testcase.LoginTest"/>
</testsuite> <!-- edu.testcase.LoginTest -->
