<?xml version="1.0" encoding="UTF-8"?>
<!-- Generated by org.testng.reporters.JUnitReportReporter -->
<testsuite skipped="0" hostname="DESKTOP-5IG2H4A" name="edu.testcase.AddTest" tests="1" failures="0" timestamp="03 五月 2020 10:49:46 GMT" time="29.808" errors="0">
  <testcase name="add12" time="29.808" classname="edu.testcase.AddTest"/>
</testsuite> <!-- edu.testcase.AddTest -->
