<?xml version="1.0" encoding="UTF-8"?>
<!-- Generated by org.testng.reporters.JUnitReportReporter -->
<testsuite skipped="0" hostname="DESKTOP-5IG2H4A" name="edu.testcase.TreatyBallPageTest" tests="6" failures="0" timestamp="03 五月 2020 10:37:24 GMT" time="43.416" errors="0">
  <testcase name="search" time="6.362" classname="edu.testcase.TreatyBallPageTest"/>
  <testcase name="list_first" time="7.943" classname="edu.testcase.TreatyBallPageTest"/>
  <testcase name="join1" time="8.637" classname="edu.testcase.TreatyBallPageTest"/>
  <testcase name="join2" time="9.336" classname="edu.testcase.TreatyBallPageTest"/>
  <testcase name="join3" time="10.212" classname="edu.testcase.TreatyBallPageTest"/>
  <testcase name="my_yueqiu" time="0.926" classname="edu.testcase.TreatyBallPageTest"/>
</testsuite> <!-- edu.testcase.TreatyBallPageTest -->
