<?xml version="1.0" encoding="UTF-8"?>
<!-- Generated by org.testng.reporters.JUnitReportReporter -->
<testsuite hostname="LAPTOP-KJ49V8PT" name="enjoyball_test.HomePageTest" tests="3" failures="0" timestamp="6 May 2020 15:22:11 GMT" time="99.324" errors="0">
  <testcase name="personal_invitation" time="30.498" classname="enjoyball_test.HomePageTest"/>
  <testcase name="personal_invitation" time="33.450" classname="enjoyball_test.HomePageTest"/>
  <testcase name="personal_invitation" time="35.376" classname="enjoyball_test.HomePageTest"/>
</testsuite> <!-- enjoyball_test.HomePageTest -->
