<?xml version="1.0" encoding="UTF-8"?>
<!-- Generated by org.testng.reporters.JUnitReportReporter -->
<testsuite hostname="LAPTOP-KJ49V8PT" name="test_EnjoyBall.Ball_Test" tests="1" failures="0" timestamp="24 Apr 2020 09:52:25 GMT" time="37.447" errors="0">
  <testcase name="test" time="37.447" classname="test_EnjoyBall.Ball_Test"/>
</testsuite> <!-- test_EnjoyBall.Ball_Test -->
