<?xml version="1.0" encoding="UTF-8"?>
<!-- Generated by org.testng.reporters.JUnitReportReporter -->
<testsuite hostname="DESKTOP-AS0ON8I" name="edu.testcase.LoginTest" tests="1" failures="0" timestamp="30 Apr 2020 11:26:14 GMT" time="4.320" errors="0">
  <testcase name="loginSucess4" time="4.320" classname="edu.testcase.LoginTest"/>
</testsuite> <!-- edu.testcase.LoginTest -->
