<?xml version="1.0" encoding="UTF-8"?>
<!-- Generated by org.testng.reporters.JUnitReportReporter -->
<testsuite hostname="DESKTOP-AS0ON8I" name="edu.testcase.HomePageTest" tests="3" failures="0" timestamp="28 Apr 2020 12:28:30 GMT" time="9.564" errors="0">
  <testcase name="testSearchByIDOrWords1" time="3.297" classname="edu.testcase.HomePageTest"/>
  <testcase name="testSearchByIDOrWords1" time="3.284" classname="edu.testcase.HomePageTest"/>
  <testcase name="testSearchByIDOrWords1" time="2.983" classname="edu.testcase.HomePageTest"/>
</testsuite> <!-- edu.testcase.HomePageTest -->
