<?xml version="1.0" encoding="UTF-8"?>
<!-- Generated by org.testng.reporters.JUnitReportReporter -->
<testsuite hostname="DESKTOP-AS0ON8I" name="edu.testcase.RegisterTest" tests="1" failures="0" timestamp="30 Apr 2020 11:30:13 GMT" time="9.097" errors="0">
  <testcase name="test2" time="9.097" classname="edu.testcase.RegisterTest"/>
</testsuite> <!-- edu.testcase.RegisterTest -->
