<?xml version="1.0" encoding="UTF-8"?>
<!-- Generated by org.testng.reporters.JUnitReportReporter -->
<testsuite hostname="DESKTOP-UDJ5PR4" name="edu.testcase.PageTest" tests="4" failures="0" timestamp="25 Mar 2020 07:42:45 GMT" time="59.959" errors="0">
  <testcase name="testDeleteItem" time="38.094" classname="edu.testcase.PageTest"/>
  <testcase name="testeditItem" time="11.690" classname="edu.testcase.PageTest"/>
  <testcase name="testCopyAndPasteItem" time="7.567" classname="edu.testcase.PageTest"/>
  <testcase name="testAddItem" time="2.608" classname="edu.testcase.PageTest"/>
</testsuite> <!-- edu.testcase.PageTest -->
