<?xml version="1.0" encoding="UTF-8"?>
<!-- Generated by org.testng.reporters.JUnitReportReporter -->
<testsuite hostname="DESKTOP-UDJ5PR4" name="edu.testcase.NewsPageTest" tests="2" failures="0" timestamp="30 Apr 2020 05:43:23 GMT" time="4.391" errors="0">
  <testcase name="testExitSearch" time="1.825" classname="edu.testcase.NewsPageTest"/>
  <testcase name="testEnterSearch" time="2.566" classname="edu.testcase.NewsPageTest"/>
</testsuite> <!-- edu.testcase.NewsPageTest -->
